  sakura.cpp
E:\desktop\bilibiliC\sakura\sakura.cpp(13,27): warning C4305: “初始化”: 从“double”到“float”截断
E:\desktop\bilibiliC\sakura\sakura.cpp(14,25): warning C4305: “初始化”: 从“double”到“float”截断
E:\desktop\bilibiliC\sakura\sakura.cpp(30,10): warning C4244: “初始化”: 从“double”转换到“float”，可能丢失数据
E:\desktop\bilibiliC\sakura\sakura.cpp(42,18): warning C4244: “=”: 从“double”转换到“float”，可能丢失数据
E:\desktop\bilibiliC\sakura\sakura.cpp(43,18): warning C4244: “=”: 从“double”转换到“float”，可能丢失数据
E:\desktop\bilibiliC\sakura\sakura.cpp(46,25): warning C4244: “参数”: 从“float”转换到“int”，可能丢失数据
E:\desktop\bilibiliC\sakura\sakura.cpp(48,43): warning C4244: “参数”: 从“double”转换到“float”，可能丢失数据
E:\desktop\bilibiliC\sakura\sakura.cpp(51,32): warning C4244: “参数”: 从“float”转换到“int”，可能丢失数据
E:\desktop\bilibiliC\sakura\sakura.cpp(51,25): warning C4244: “参数”: 从“float”转换到“int”，可能丢失数据
E:\desktop\bilibiliC\sakura\sakura.cpp(51,16): warning C4244: “参数”: 从“float”转换到“int”，可能丢失数据
E:\desktop\bilibiliC\sakura\sakura.cpp(51,7): warning C4244: “参数”: 从“float”转换到“int”，可能丢失数据
E:\desktop\bilibiliC\sakura\sakura.cpp(57,60): warning C4305: “参数”: 从“double”到“float”截断
E:\desktop\bilibiliC\sakura\sakura.cpp(58,61): warning C4305: “参数”: 从“double”到“float”截断
E:\desktop\bilibiliC\sakura\sakura.cpp(59,62): warning C4305: “参数”: 从“double”到“float”截断
E:\desktop\bilibiliC\sakura\sakura.cpp(65,24): warning C4244: “初始化”: 从“double”转换到“float”，可能丢失数据
E:\desktop\bilibiliC\sakura\sakura.cpp(81,73): warning C4305: “参数”: 从“double”到“float”截断
E:\desktop\bilibiliC\sakura\sakura.cpp(85,22): warning C4244: “参数”: 从“float”转换到“int”，可能丢失数据
E:\desktop\bilibiliC\sakura\sakura.cpp(85,15): warning C4244: “参数”: 从“float”转换到“int”，可能丢失数据
E:\desktop\bilibiliC\sakura\sakura.cpp(87,41): warning C4244: “参数”: 从“float”转换到“int”，可能丢失数据
E:\desktop\bilibiliC\sakura\sakura.cpp(87,22): warning C4244: “参数”: 从“float”转换到“int”，可能丢失数据
E:\desktop\bilibiliC\sakura\sakura.cpp(87,15): warning C4244: “参数”: 从“float”转换到“int”，可能丢失数据
E:\desktop\bilibiliC\sakura\sakura.cpp(96,12): warning C4244: “参数”: 从“time_t”转换到“unsigned int”，可能丢失数据
E:\desktop\bilibiliC\sakura\sakura.cpp(101,85): warning C4305: “参数”: 从“double”到“float”截断
E:\desktop\bilibiliC\sakura\sakura.cpp(101,42): warning C4244: “参数”: 从“double”转换到“float”，可能丢失数据
E:\desktop\bilibiliC\sakura\sakura.cpp(110,43): warning C4305: “参数”: 从“double”到“float”截断
E:\desktop\bilibiliC\sakura\sakura.cpp(111,36): warning C4305: “参数”: 从“double”到“float”截断
E:\desktop\bilibiliC\sakura\sakura.cpp(114,85): warning C4305: “参数”: 从“double”到“float”截断
E:\desktop\bilibiliC\sakura\sakura.cpp(114,42): warning C4244: “参数”: 从“double”转换到“float”，可能丢失数据
  正在生成代码
  Previous IPDB was built with incompatible compiler, fall back to full compilation.
  All 7 functions were compiled because no usable IPDB/IOBJ from previous compilation was found.
  已完成代码的生成
  sakura.vcxproj -> E:\desktop\bilibiliC\sakura\x64\Release\sakura.exe
