  sakura.cpp
E:\desktop\bilibiliC\sakura\sakura.cpp(11,27): warning C4305: “初始化”: 从“double”到“float”截断
E:\desktop\bilibiliC\sakura\sakura.cpp(12,25): warning C4305: “初始化”: 从“double”到“float”截断
E:\desktop\bilibiliC\sakura\sakura.cpp(28,10): warning C4244: “初始化”: 从“double”转换到“float”，可能丢失数据
E:\desktop\bilibiliC\sakura\sakura.cpp(40,18): warning C4244: “=”: 从“double”转换到“float”，可能丢失数据
E:\desktop\bilibiliC\sakura\sakura.cpp(41,18): warning C4244: “=”: 从“double”转换到“float”，可能丢失数据
E:\desktop\bilibiliC\sakura\sakura.cpp(44,25): warning C4244: “参数”: 从“float”转换到“int”，可能丢失数据
E:\desktop\bilibiliC\sakura\sakura.cpp(46,43): warning C4244: “参数”: 从“double”转换到“float”，可能丢失数据
E:\desktop\bilibiliC\sakura\sakura.cpp(49,32): warning C4244: “参数”: 从“float”转换到“int”，可能丢失数据
E:\desktop\bilibiliC\sakura\sakura.cpp(49,25): warning C4244: “参数”: 从“float”转换到“int”，可能丢失数据
E:\desktop\bilibiliC\sakura\sakura.cpp(49,16): warning C4244: “参数”: 从“float”转换到“int”，可能丢失数据
E:\desktop\bilibiliC\sakura\sakura.cpp(49,7): warning C4244: “参数”: 从“float”转换到“int”，可能丢失数据
E:\desktop\bilibiliC\sakura\sakura.cpp(55,60): warning C4305: “参数”: 从“double”到“float”截断
E:\desktop\bilibiliC\sakura\sakura.cpp(56,61): warning C4305: “参数”: 从“double”到“float”截断
E:\desktop\bilibiliC\sakura\sakura.cpp(57,62): warning C4305: “参数”: 从“double”到“float”截断
E:\desktop\bilibiliC\sakura\sakura.cpp(63,24): warning C4244: “初始化”: 从“double”转换到“float”，可能丢失数据
E:\desktop\bilibiliC\sakura\sakura.cpp(79,73): warning C4305: “参数”: 从“double”到“float”截断
E:\desktop\bilibiliC\sakura\sakura.cpp(83,22): warning C4244: “参数”: 从“float”转换到“int”，可能丢失数据
E:\desktop\bilibiliC\sakura\sakura.cpp(83,15): warning C4244: “参数”: 从“float”转换到“int”，可能丢失数据
E:\desktop\bilibiliC\sakura\sakura.cpp(85,41): warning C4244: “参数”: 从“float”转换到“int”，可能丢失数据
E:\desktop\bilibiliC\sakura\sakura.cpp(85,22): warning C4244: “参数”: 从“float”转换到“int”，可能丢失数据
E:\desktop\bilibiliC\sakura\sakura.cpp(85,15): warning C4244: “参数”: 从“float”转换到“int”，可能丢失数据
E:\desktop\bilibiliC\sakura\sakura.cpp(94,12): warning C4244: “参数”: 从“time_t”转换到“unsigned int”，可能丢失数据
E:\desktop\bilibiliC\sakura\sakura.cpp(99,85): warning C4305: “参数”: 从“double”到“float”截断
E:\desktop\bilibiliC\sakura\sakura.cpp(99,42): warning C4244: “参数”: 从“double”转换到“float”，可能丢失数据
E:\desktop\bilibiliC\sakura\sakura.cpp(114,87): warning C4305: “参数”: 从“double”到“float”截断
E:\desktop\bilibiliC\sakura\sakura.cpp(114,44): warning C4244: “参数”: 从“double”转换到“float”，可能丢失数据
E:\desktop\bilibiliC\sakura\sakura.cpp(121,85): warning C4305: “参数”: 从“double”到“float”截断
E:\desktop\bilibiliC\sakura\sakura.cpp(121,42): warning C4244: “参数”: 从“double”转换到“float”，可能丢失数据
  sakura.vcxproj -> E:\desktop\bilibiliC\sakura\x64\Debug\sakura.exe
